<?xml version="1.0" encoding="UTF-8"?>
<testsuite name="com.magic.employpayroll.PayrollServiceTest" tests="1" skipped="0" failures="0" errors="0" timestamp="2021-06-20T18:30:46" hostname="DESKTOP-38KI29F" time="0.333">
  <properties/>
  <testcase name="givenPayrollDataWhenAverageSalaryRetrievedByGenderShouldReturnProperValue()" classname="com.magic.employpayroll.PayrollServiceTest" time="0.333"/>
  <system-out><![CDATA[]]></system-out>
  <system-err><![CDATA[]]></system-err>
</testsuite>
